Using pre-set license
Built from '2020.3/staging' branch; Version is '2020.3.5f1 (8095aa901b9b) revision 8426922'; Using compiler version '192528614'; Build Type 'Release'
OS: 'Windows 10 Home; OS build 19041.985; Version 2004; 64bit' Language: 'es' Physical Memory: 16258 MB
BatchMode: 1, IsHumanControllingUs: 0, StartBugReporterOnCrash: 0, Is64bit: 1, IsPro: 0

 COMMAND LINE ARGUMENTS:
C:\Program Files\Unity\Hub\Editor\2020.3.5f1\Editor\Unity.exe
-adb2
-batchMode
-noUpm
-name
AssetImportWorker0
-projectPath
C:/Users/victo/OneDrive/Escritorio/Victor/UNI/Carrera/Videojuegos/VJ-3D/Overcooked
-logFile
Logs/AssetImportWorker0.log
-srvPort
49908
Successfully changed project path to: C:/Users/victo/OneDrive/Escritorio/Victor/UNI/Carrera/Videojuegos/VJ-3D/Overcooked
C:/Users/victo/OneDrive/Escritorio/Victor/UNI/Carrera/Videojuegos/VJ-3D/Overcooked
Using Asset Import Pipeline V2.
Refreshing native plugins compatible for Editor in 83.13 ms, found 0 plugins.
Preloading 0 native plugins for Editor in 0.00 ms.
Initialize engine version: 2020.3.5f1 (8095aa901b9b)
[Subsystems] Discovering subsystems at path C:/Program Files/Unity/Hub/Editor/2020.3.5f1/Editor/Data/Resources/UnitySubsystems
[Subsystems] Discovering subsystems at path C:/Users/victo/OneDrive/Escritorio/Victor/UNI/Carrera/Videojuegos/VJ-3D/Overcooked/Assets
GfxDevice: creating device client; threaded=0
Direct3D:
    Version:  Direct3D 11.0 [level 11.0]
    Renderer: NVIDIA GeForce 940MX (ID=0x134d)
    Vendor:   
    VRAM:     4055 MB
    Driver:   27.21.14.5167
Initialize mono
Mono path[0] = 'C:/Program Files/Unity/Hub/Editor/2020.3.5f1/Editor/Data/Managed'
Mono path[1] = 'C:/Program Files/Unity/Hub/Editor/2020.3.5f1/Editor/Data/MonoBleedingEdge/lib/mono/unityjit'
Mono config path = 'C:/Program Files/Unity/Hub/Editor/2020.3.5f1/Editor/Data/MonoBleedingEdge/etc'
Using monoOptions --debugger-agent=transport=dt_socket,embedding=1,server=y,suspend=n,address=127.0.0.1:56212
Begin MonoManager ReloadAssembly
Registering precompiled unity dll's ...
Register platform support module: C:/Program Files/Unity/Hub/Editor/2020.3.5f1/Editor/Data/PlaybackEngines/WindowsStandaloneSupport/UnityEditor.WindowsStandalone.Extensions.dll
Registered in 0.006708 seconds.
Native extension for WindowsStandalone target not found
Refreshing native plugins compatible for Editor in 56.93 ms, found 0 plugins.
Preloading 0 native plugins for Editor in 0.00 ms.
Mono: successfully reloaded assembly
- Completed reload, in  3.478 seconds
Platform modules already initialized, skipping
Registering precompiled user dll's ...
Registered in 0.001799 seconds.
Begin MonoManager ReloadAssembly
Native extension for WindowsStandalone target not found
Refreshing native plugins compatible for Editor in 0.32 ms, found 0 plugins.
Preloading 0 native plugins for Editor in 0.00 ms.
Mono: successfully reloaded assembly
- Completed reload, in  2.385 seconds
Platform modules already initialized, skipping
========================================================================
Worker process is ready to serve import requests
Launched and connected shader compiler UnityShaderCompiler.exe after 0.11 seconds
Refreshing native plugins compatible for Editor in 0.41 ms, found 0 plugins.
Preloading 0 native plugins for Editor in 0.00 ms.
Unloading 1135 Unused Serialized files (Serialized files now loaded: 0)
System memory in use before: 79.2 MB.
System memory in use after: 79.2 MB.

Unloading 9 unused Assets to reduce memory usage. Loaded Objects now: 1604.
Total: 3.189400 ms (FindLiveObjects: 0.169300 ms CreateObjectMapping: 0.053300 ms MarkObjects: 2.765800 ms  DeleteObjects: 0.198800 ms)

========================================================================
Received Import Request.
  path: Assets/Prefabs/Tools/fire extinguisher.prefab
  artifactKey: Guid(1ba5eb831cf26ed47a244e375d65312a) Importer(815301076,1909f56bfc062723c751e8b465ee728b)
Start importing Assets/Prefabs/Tools/fire extinguisher.prefab using Guid(1ba5eb831cf26ed47a244e375d65312a) Importer(815301076,1909f56bfc062723c751e8b465ee728b)  -> (artifact id: '06ae5067e99cd7f71fd28c867ec3fdcf') in 0.343697 seconds
  Import took 0.347666 seconds .

========================================================================
Received Import Request.
  Time since last request: 0.000492 seconds.
  path: Assets/Prefabs/Tools/oven.prefab
  artifactKey: Guid(8de72354a6a1ec849abd9d5d1983633a) Importer(815301076,1909f56bfc062723c751e8b465ee728b)
Start importing Assets/Prefabs/Tools/oven.prefab using Guid(8de72354a6a1ec849abd9d5d1983633a) Importer(815301076,1909f56bfc062723c751e8b465ee728b)  -> (artifact id: 'b51ff0ef7550ffcfdec702849ef3b9ab') in 0.132532 seconds
  Import took 0.136304 seconds .

========================================================================
Received Import Request.
  Time since last request: 0.000367 seconds.
  path: Assets/Prefabs/Tools/cutting board (1).prefab
  artifactKey: Guid(245e8a9b4473c8e4aaa5f21f246ece3a) Importer(815301076,1909f56bfc062723c751e8b465ee728b)
Start importing Assets/Prefabs/Tools/cutting board (1).prefab using Guid(245e8a9b4473c8e4aaa5f21f246ece3a) Importer(815301076,1909f56bfc062723c751e8b465ee728b)  -> (artifact id: 'ad0fd943181c0699a2fef20b6b71c5d8') in 0.068104 seconds
  Import took 0.072542 seconds .

========================================================================
Received Import Request.
  Time since last request: 0.000517 seconds.
  path: Assets/Prefabs/Tools/generatorDish.prefab
  artifactKey: Guid(4408bff6619c96e4e9aec8b521352407) Importer(815301076,1909f56bfc062723c751e8b465ee728b)
Start importing Assets/Prefabs/Tools/generatorDish.prefab using Guid(4408bff6619c96e4e9aec8b521352407) Importer(815301076,1909f56bfc062723c751e8b465ee728b)  -> (artifact id: 'd9cf047bba673e1a16f33e3948607ff8') in 0.391202 seconds
  Import took 0.401915 seconds .

========================================================================
Received Import Request.
  Time since last request: 0.000410 seconds.
  path: Assets/Prefabs/Tools/vitro.prefab
  artifactKey: Guid(8d61783ac8b49924892e2de6a0abf019) Importer(815301076,1909f56bfc062723c751e8b465ee728b)
Start importing Assets/Prefabs/Tools/vitro.prefab using Guid(8d61783ac8b49924892e2de6a0abf019) Importer(815301076,1909f56bfc062723c751e8b465ee728b)  -> (artifact id: '52fc1b751f273920386fb79c0e4ea9e4') in 0.102953 seconds
  Import took 0.111197 seconds .

========================================================================
Received Import Request.
  Time since last request: 0.001400 seconds.
  path: Assets/Prefabs/Tools/bin.prefab
  artifactKey: Guid(6dd5b26c65f899944b1ce28f19cfc1b9) Importer(815301076,1909f56bfc062723c751e8b465ee728b)
Start importing Assets/Prefabs/Tools/bin.prefab using Guid(6dd5b26c65f899944b1ce28f19cfc1b9) Importer(815301076,1909f56bfc062723c751e8b465ee728b)  -> (artifact id: '3f7c32dd22dbde8f58e9b98146d88127') in 0.097262 seconds
  Import took 0.102554 seconds .

========================================================================
Received Import Request.
  Time since last request: 0.000481 seconds.
  path: Assets/Prefabs/Tools/generatorMeat.prefab
  artifactKey: Guid(29c73f1c78b9d224491cbac2f010eb50) Importer(815301076,1909f56bfc062723c751e8b465ee728b)
Start importing Assets/Prefabs/Tools/generatorMeat.prefab using Guid(29c73f1c78b9d224491cbac2f010eb50) Importer(815301076,1909f56bfc062723c751e8b465ee728b)  -> (artifact id: '486a35e7de123478cbf79d89e7c00e79') in 0.126423 seconds
  Import took 0.520236 seconds .

========================================================================
Received Import Request.
  Time since last request: 0.000537 seconds.
  path: Assets/Prefabs/Tools/generatorBread.prefab
  artifactKey: Guid(75a709d23c8e8c24d9322f3ab8a3df52) Importer(815301076,1909f56bfc062723c751e8b465ee728b)
Start importing Assets/Prefabs/Tools/generatorBread.prefab using Guid(75a709d23c8e8c24d9322f3ab8a3df52) Importer(815301076,1909f56bfc062723c751e8b465ee728b)  -> (artifact id: '8dd567ed120be0492fec750226135a2c') in 0.134862 seconds
  Import took 0.144106 seconds .

========================================================================
Received Import Request.
  Time since last request: 0.000415 seconds.
  path: Assets/Prefabs/Tools/generatorFish.prefab
  artifactKey: Guid(70a7c1bb2b3309741809678f6cacb370) Importer(815301076,1909f56bfc062723c751e8b465ee728b)
Start importing Assets/Prefabs/Tools/generatorFish.prefab using Guid(70a7c1bb2b3309741809678f6cacb370) Importer(815301076,1909f56bfc062723c751e8b465ee728b)  -> (artifact id: '19a16d726354a1438ef5365d3a397411') in 0.109568 seconds
  Import took 0.114943 seconds .

========================================================================
Received Import Request.
  Time since last request: 0.000441 seconds.
  path: Assets/Prefabs/Tools/generatorPotato.prefab
  artifactKey: Guid(5ae1f419ad4c98444b04d4f399dddd1b) Importer(815301076,1909f56bfc062723c751e8b465ee728b)
Start importing Assets/Prefabs/Tools/generatorPotato.prefab using Guid(5ae1f419ad4c98444b04d4f399dddd1b) Importer(815301076,1909f56bfc062723c751e8b465ee728b)  -> (artifact id: '53e9dbb41c57823adb48781f6eff2aa9') in 0.048800 seconds
  Import took 0.058735 seconds .

========================================================================
Received Import Request.
  Time since last request: 0.000552 seconds.
  path: Assets/Prefabs/Tools/fire stand.prefab
  artifactKey: Guid(d5681a8f05410744aa0e91573c1ba043) Importer(815301076,1909f56bfc062723c751e8b465ee728b)
Start importing Assets/Prefabs/Tools/fire stand.prefab using Guid(d5681a8f05410744aa0e91573c1ba043) Importer(815301076,1909f56bfc062723c751e8b465ee728b)  -> (artifact id: '713e423bb5f3af34a1852ef7d15bcb10') in 0.062366 seconds
  Import took 0.080202 seconds .

========================================================================
Received Import Request.
  Time since last request: 0.000580 seconds.
  path: Assets/Prefabs/Tools/pan.prefab
  artifactKey: Guid(7feac264e0694ae4aa241b5d784dab35) Importer(815301076,1909f56bfc062723c751e8b465ee728b)
Start importing Assets/Prefabs/Tools/pan.prefab using Guid(7feac264e0694ae4aa241b5d784dab35) Importer(815301076,1909f56bfc062723c751e8b465ee728b)  -> (artifact id: '8da704ed6966e175c0d4a2d2979665dc') in 0.063869 seconds
  Import took 0.074147 seconds .

========================================================================
Received Import Request.
  Time since last request: 0.000238 seconds.
  path: Assets/Prefabs/Tools/generatorTomato.prefab
  artifactKey: Guid(7e5deb15b58e948418600ab549183120) Importer(815301076,1909f56bfc062723c751e8b465ee728b)
Start importing Assets/Prefabs/Tools/generatorTomato.prefab using Guid(7e5deb15b58e948418600ab549183120) Importer(815301076,1909f56bfc062723c751e8b465ee728b)  -> (artifact id: 'b0c568b2f3d23a8605b8f15ae9bb83d1') in 0.154629 seconds
  Import took 0.166375 seconds .

========================================================================
Received Import Request.
  Time since last request: 0.000459 seconds.
  path: Assets/Prefabs/Tools/blender.prefab
  artifactKey: Guid(f5e81e7c4630df54bbf3a851993998e9) Importer(815301076,1909f56bfc062723c751e8b465ee728b)
Start importing Assets/Prefabs/Tools/blender.prefab using Guid(f5e81e7c4630df54bbf3a851993998e9) Importer(815301076,1909f56bfc062723c751e8b465ee728b)  -> (artifact id: '9472564322b195ae4fb95fe6ec37a45a') in 0.060008 seconds
  Import took 0.066259 seconds .

========================================================================
Received Import Request.
  Time since last request: 0.000761 seconds.
  path: Assets/Prefabs/Tools/furniture.prefab
  artifactKey: Guid(a84b43b2ac8fe63458ff3b991a23f1c8) Importer(815301076,1909f56bfc062723c751e8b465ee728b)
Start importing Assets/Prefabs/Tools/furniture.prefab using Guid(a84b43b2ac8fe63458ff3b991a23f1c8) Importer(815301076,1909f56bfc062723c751e8b465ee728b)  -> (artifact id: '2657bbdf0b4177b091b54cfd11220507') in 0.059885 seconds
  Import took 0.065909 seconds .

========================================================================
Received Import Request.
  Time since last request: 0.000481 seconds.
  path: Assets/Prefabs/Tools/generatorCucumber.prefab
  artifactKey: Guid(bf371809587cc7e44ae2750eb1c8fab6) Importer(815301076,1909f56bfc062723c751e8b465ee728b)
Start importing Assets/Prefabs/Tools/generatorCucumber.prefab using Guid(bf371809587cc7e44ae2750eb1c8fab6) Importer(815301076,1909f56bfc062723c751e8b465ee728b)  -> (artifact id: '57db95dec7b58c44b60288d906a26a77') in 0.108274 seconds
  Import took 0.122579 seconds .

========================================================================
Received Import Request.
  Time since last request: 0.001019 seconds.
  path: Assets/Prefabs/Tools/furnitureBlender.prefab
  artifactKey: Guid(49c957f05fd8c7c4e8237e39c26449ac) Importer(815301076,1909f56bfc062723c751e8b465ee728b)
Start importing Assets/Prefabs/Tools/furnitureBlender.prefab using Guid(49c957f05fd8c7c4e8237e39c26449ac) Importer(815301076,1909f56bfc062723c751e8b465ee728b)  -> (artifact id: 'c9db9ccc4f4b4fad642ecfb6adf7c6af') in 0.040807 seconds
  Import took 0.047280 seconds .

========================================================================
Received Import Request.
  Time since last request: 5.806040 seconds.
  path: Assets/Prefabs/Variants/BreadAndBurger.prefab
  artifactKey: Guid(1c6a70348c4110e47aa163f522f29c50) Importer(815301076,1909f56bfc062723c751e8b465ee728b)
Start importing Assets/Prefabs/Variants/BreadAndBurger.prefab using Guid(1c6a70348c4110e47aa163f522f29c50) Importer(815301076,1909f56bfc062723c751e8b465ee728b)  -> (artifact id: '8634e35fe905cd31b60ff20571b26ad3') in 0.050971 seconds
  Import took 0.063468 seconds .

========================================================================
Received Import Request.
  Time since last request: 0.000427 seconds.
  path: Assets/Prefabs/Variants/FishPotatoAndTomatoSauce.prefab
  artifactKey: Guid(8ee66a5db49efd8409279745c97c6f69) Importer(815301076,1909f56bfc062723c751e8b465ee728b)
Start importing Assets/Prefabs/Variants/FishPotatoAndTomatoSauce.prefab using Guid(8ee66a5db49efd8409279745c97c6f69) Importer(815301076,1909f56bfc062723c751e8b465ee728b)  -> (artifact id: '44540ae75f1b0ba69b7b301cc2d9f40e') in 0.039511 seconds
  Import took 0.044384 seconds .

========================================================================
Received Import Request.
  Time since last request: 0.000383 seconds.
  path: Assets/Prefabs/Variants/BreadAndFish.prefab
  artifactKey: Guid(be65063c3f2a4404d88569fded4585b4) Importer(815301076,1909f56bfc062723c751e8b465ee728b)
Start importing Assets/Prefabs/Variants/BreadAndFish.prefab using Guid(be65063c3f2a4404d88569fded4585b4) Importer(815301076,1909f56bfc062723c751e8b465ee728b)  -> (artifact id: '4e578ff4d88b6207f927267362077af5') in 0.040197 seconds
  Import took 0.047796 seconds .

========================================================================
Received Import Request.
  Time since last request: 0.002231 seconds.
  path: Assets/Prefabs/Variants/MeatAndCheese.prefab
  artifactKey: Guid(0fd9bf8dd67f5a84b81b5452be6d4458) Importer(815301076,1909f56bfc062723c751e8b465ee728b)
Start importing Assets/Prefabs/Variants/MeatAndCheese.prefab using Guid(0fd9bf8dd67f5a84b81b5452be6d4458) Importer(815301076,1909f56bfc062723c751e8b465ee728b)  -> (artifact id: 'ac82c3444cab5310624d937c2870a22d') in 0.054151 seconds
  Import took 0.078679 seconds .

========================================================================
Received Import Request.
  Time since last request: 0.000530 seconds.
  path: Assets/Prefabs/Variants/MeatAndCheeseAndCucumber.prefab
  artifactKey: Guid(22579a476ebaab8489352e4aefa9b4fa) Importer(815301076,1909f56bfc062723c751e8b465ee728b)
Start importing Assets/Prefabs/Variants/MeatAndCheeseAndCucumber.prefab using Guid(22579a476ebaab8489352e4aefa9b4fa) Importer(815301076,1909f56bfc062723c751e8b465ee728b)  -> (artifact id: 'bc540ffacd5fbdbf4d6438c4d3ffb19d') in 0.040463 seconds
  Import took 0.048310 seconds .

========================================================================
Received Import Request.
  Time since last request: 0.000407 seconds.
  path: Assets/Prefabs/Variants/BreadAndTomatoSauce.prefab
  artifactKey: Guid(a280f64008fda584c8739795ec7ad934) Importer(815301076,1909f56bfc062723c751e8b465ee728b)
Start importing Assets/Prefabs/Variants/BreadAndTomatoSauce.prefab using Guid(a280f64008fda584c8739795ec7ad934) Importer(815301076,1909f56bfc062723c751e8b465ee728b)  -> (artifact id: '8db1656a29a155033a160c53b1f80e05') in 0.074988 seconds
  Import took 0.081064 seconds .

========================================================================
Received Import Request.
  Time since last request: 0.001520 seconds.
  path: Assets/Prefabs/Variants/FishAndTomato.prefab
  artifactKey: Guid(00a101da8e856ba4eba14afa401a011b) Importer(815301076,1909f56bfc062723c751e8b465ee728b)
Start importing Assets/Prefabs/Variants/FishAndTomato.prefab using Guid(00a101da8e856ba4eba14afa401a011b) Importer(815301076,1909f56bfc062723c751e8b465ee728b)  -> (artifact id: 'df57a25ea918d508150de6e54655447c') in 0.043174 seconds
  Import took 0.049104 seconds .

========================================================================
Received Import Request.
  Time since last request: 0.000808 seconds.
  path: Assets/Prefabs/Variants/BreadAndTomatoSauceAndCheese.prefab
  artifactKey: Guid(411edb28631e7c54fa639d4d2577e3cf) Importer(815301076,1909f56bfc062723c751e8b465ee728b)
Start importing Assets/Prefabs/Variants/BreadAndTomatoSauceAndCheese.prefab using Guid(411edb28631e7c54fa639d4d2577e3cf) Importer(815301076,1909f56bfc062723c751e8b465ee728b)  -> (artifact id: 'b059d833d46e2421ce33d3fdf1bb6773') in 0.065207 seconds
  Import took 0.072222 seconds .

========================================================================
Received Import Request.
  Time since last request: 0.001791 seconds.
  path: Assets/Prefabs/Variants/BreadAndBurgerAndCucumber.prefab
  artifactKey: Guid(f51b324ad0a6aba4cb8e6991e4a494dd) Importer(815301076,1909f56bfc062723c751e8b465ee728b)
Start importing Assets/Prefabs/Variants/BreadAndBurgerAndCucumber.prefab using Guid(f51b324ad0a6aba4cb8e6991e4a494dd) Importer(815301076,1909f56bfc062723c751e8b465ee728b)  -> (artifact id: '5847e4ab6695e793507a9f4d4dc66ba4') in 0.053951 seconds
  Import took 0.058127 seconds .

========================================================================
Received Import Request.
  Time since last request: 0.000429 seconds.
  path: Assets/Prefabs/Variants/BreadAndCucumberAndCheese.prefab
  artifactKey: Guid(ea0ec2489cacc2f47b7c2143bb3c56e6) Importer(815301076,1909f56bfc062723c751e8b465ee728b)
Start importing Assets/Prefabs/Variants/BreadAndCucumberAndCheese.prefab using Guid(ea0ec2489cacc2f47b7c2143bb3c56e6) Importer(815301076,1909f56bfc062723c751e8b465ee728b)  -> (artifact id: '9738b3ae90a96e47acc35f519d1862c0') in 0.062469 seconds
  Import took 0.069233 seconds .

========================================================================
Received Import Request.
  Time since last request: 0.000173 seconds.
  path: Assets/Prefabs/Variants/BreadAndCheese.prefab
  artifactKey: Guid(9d84b554e361aaa40bacf357b8a645ca) Importer(815301076,1909f56bfc062723c751e8b465ee728b)
Start importing Assets/Prefabs/Variants/BreadAndCheese.prefab using Guid(9d84b554e361aaa40bacf357b8a645ca) Importer(815301076,1909f56bfc062723c751e8b465ee728b)  -> (artifact id: '85456b7b7ed7b31053f9b8d6eded75ce') in 0.061879 seconds
  Import took 0.069878 seconds .

========================================================================
Received Import Request.
  Time since last request: 0.000487 seconds.
  path: Assets/Prefabs/Variants/FishAndPotato.prefab
  artifactKey: Guid(e25658b4c0391c84cbbecfb13e51314f) Importer(815301076,1909f56bfc062723c751e8b465ee728b)
Start importing Assets/Prefabs/Variants/FishAndPotato.prefab using Guid(e25658b4c0391c84cbbecfb13e51314f) Importer(815301076,1909f56bfc062723c751e8b465ee728b)  -> (artifact id: 'dd22c18e0d4960f802e8aaaca60e523d') in 0.083054 seconds
  Import took 0.090018 seconds .

========================================================================
Received Import Request.
  Time since last request: 0.001303 seconds.
  path: Assets/Prefabs/Variants/CheeseAndTomatoSauce.prefab
  artifactKey: Guid(b84f10426abea634d951a0a8710766b0) Importer(815301076,1909f56bfc062723c751e8b465ee728b)
Start importing Assets/Prefabs/Variants/CheeseAndTomatoSauce.prefab using Guid(b84f10426abea634d951a0a8710766b0) Importer(815301076,1909f56bfc062723c751e8b465ee728b)  -> (artifact id: 'a92b9a1c727e4ec61a769677dc6a6b6a') in 0.086903 seconds
  Import took 0.096704 seconds .

========================================================================
Received Import Request.
  Time since last request: 0.000451 seconds.
  path: Assets/Prefabs/Variants/MeatAndCucumber.prefab
  artifactKey: Guid(8bc9e96cddb5c9f43ba3b04776f64f16) Importer(815301076,1909f56bfc062723c751e8b465ee728b)
Start importing Assets/Prefabs/Variants/MeatAndCucumber.prefab using Guid(8bc9e96cddb5c9f43ba3b04776f64f16) Importer(815301076,1909f56bfc062723c751e8b465ee728b)  -> (artifact id: '1cf2e16f71b96bd9f8e39505f1705bc4') in 0.096445 seconds
  Import took 0.101785 seconds .

========================================================================
Received Import Request.
  Time since last request: 0.000412 seconds.
  path: Assets/Prefabs/Variants/BreadAndBurgerAndCheese.prefab
  artifactKey: Guid(2e20a3ee7bb4a21419ad52ac58022eff) Importer(815301076,1909f56bfc062723c751e8b465ee728b)
Start importing Assets/Prefabs/Variants/BreadAndBurgerAndCheese.prefab using Guid(2e20a3ee7bb4a21419ad52ac58022eff) Importer(815301076,1909f56bfc062723c751e8b465ee728b)  -> (artifact id: '6ddb0a336637a5e8a4337547fbc1f6a1') in 0.086233 seconds
  Import took 0.097833 seconds .

========================================================================
Received Import Request.
  Time since last request: 0.000454 seconds.
  path: Assets/Prefabs/Variants/BreadAndCucumber.prefab
  artifactKey: Guid(38b571a6605d5094e84e21d5e7e2d143) Importer(815301076,1909f56bfc062723c751e8b465ee728b)
Start importing Assets/Prefabs/Variants/BreadAndCucumber.prefab using Guid(38b571a6605d5094e84e21d5e7e2d143) Importer(815301076,1909f56bfc062723c751e8b465ee728b)  -> (artifact id: 'f10cf10d0d2c554825a0418d135a03b0') in 0.100229 seconds
  Import took 0.112738 seconds .

========================================================================
Received Import Request.
  Time since last request: 0.000525 seconds.
  path: Assets/Prefabs/Variants/CheeseAndCucumber.prefab
  artifactKey: Guid(aac41b18771641a48a72582af5674bec) Importer(815301076,1909f56bfc062723c751e8b465ee728b)
Start importing Assets/Prefabs/Variants/CheeseAndCucumber.prefab using Guid(aac41b18771641a48a72582af5674bec) Importer(815301076,1909f56bfc062723c751e8b465ee728b)  -> (artifact id: '8971028852f05ca627e88557a6d5619c') in 0.096432 seconds
  Import took 0.103318 seconds .

========================================================================
Received Import Request.
  Time since last request: 0.000436 seconds.
  path: Assets/Prefabs/Variants/FishAndTomatoSauce.prefab
  artifactKey: Guid(911d66a55a11f754987d860568123c16) Importer(815301076,1909f56bfc062723c751e8b465ee728b)
Start importing Assets/Prefabs/Variants/FishAndTomatoSauce.prefab using Guid(911d66a55a11f754987d860568123c16) Importer(815301076,1909f56bfc062723c751e8b465ee728b)  -> (artifact id: '800ffb955bc46e63ec24e19f3570b1d1') in 0.093268 seconds
  Import took 0.099288 seconds .

========================================================================
Received Import Request.
  Time since last request: 0.000835 seconds.
  path: Assets/Prefabs/Variants/BreadAndTomato.prefab
  artifactKey: Guid(c00a90946343a3545a22f5b990876d42) Importer(815301076,1909f56bfc062723c751e8b465ee728b)
Start importing Assets/Prefabs/Variants/BreadAndTomato.prefab using Guid(c00a90946343a3545a22f5b990876d42) Importer(815301076,1909f56bfc062723c751e8b465ee728b)  -> (artifact id: 'b5f21bcb45604b228105bb20572f1b5c') in 0.179313 seconds
  Import took 0.185432 seconds .

========================================================================
Received Prepare
Registering precompiled user dll's ...
Registered in 0.001609 seconds.
Begin MonoManager ReloadAssembly
Native extension for WindowsStandalone target not found
Refreshing native plugins compatible for Editor in 3.06 ms, found 0 plugins.
Preloading 0 native plugins for Editor in 0.00 ms.
Mono: successfully reloaded assembly
- Completed reload, in 10.691 seconds
Platform modules already initialized, skipping
Refreshing native plugins compatible for Editor in 0.89 ms, found 0 plugins.
Preloading 0 native plugins for Editor in 0.00 ms.
Unloading 1130 Unused Serialized files (Serialized files now loaded: 0)
System memory in use before: 82.5 MB.
System memory in use after: 82.6 MB.

Unloading 9 unused Assets to reduce memory usage. Loaded Objects now: 1615.
Total: 10.482100 ms (FindLiveObjects: 1.477000 ms CreateObjectMapping: 0.201900 ms MarkObjects: 8.491700 ms  DeleteObjects: 0.308300 ms)

========================================================================
Received Import Request.
  Time since last request: 105.527280 seconds.
  path: Assets/PotatoAndTomatoSauce.obj
  artifactKey: Guid(13329876f82c54a4c8321dd974300731) Importer(815301076,1909f56bfc062723c751e8b465ee728b)
Start importing Assets/PotatoAndTomatoSauce.obj using Guid(13329876f82c54a4c8321dd974300731) Importer(815301076,1909f56bfc062723c751e8b465ee728b)  -> (artifact id: '3d1bd8a9940d5bd7820f95f0a2f742be') in 3.072269 seconds
  Import took 3.085733 seconds .

========================================================================
Received Import Request.
  Time since last request: 0.000144 seconds.
  path: Assets/Prefabs/Levels/Level2.prefab
  artifactKey: Guid(bd08069d028d5944bbf2e67217516f7a) Importer(815301076,1909f56bfc062723c751e8b465ee728b)
Start importing Assets/Prefabs/Levels/Level2.prefab using Guid(bd08069d028d5944bbf2e67217516f7a) Importer(815301076,1909f56bfc062723c751e8b465ee728b)  -> (artifact id: '920566f26c815c0173be43a319de6964') in 1.908232 seconds
  Import took 1.928771 seconds .

========================================================================
Received Import Request.
  Time since last request: 0.000426 seconds.
  path: Assets/Prefabs/Levels/Level1.prefab
  artifactKey: Guid(aaf927a94b6d415468fd3d8a43a1f04a) Importer(815301076,1909f56bfc062723c751e8b465ee728b)
Start importing Assets/Prefabs/Levels/Level1.prefab using Guid(aaf927a94b6d415468fd3d8a43a1f04a) Importer(815301076,1909f56bfc062723c751e8b465ee728b)  -> (artifact id: 'b5aae4e5f5b75aec5713a07a2db8a18b') in 0.199578 seconds
  Import took 0.208926 seconds .

========================================================================
Received Import Request.
  Time since last request: 30.054224 seconds.
  path: Assets/Prefabs/Levels/Level2.prefab
  artifactKey: Guid(bd08069d028d5944bbf2e67217516f7a) Importer(815301076,1909f56bfc062723c751e8b465ee728b)
Start importing Assets/Prefabs/Levels/Level2.prefab using Guid(bd08069d028d5944bbf2e67217516f7a) Importer(815301076,1909f56bfc062723c751e8b465ee728b)  -> (artifact id: '5ebcee1a4a08f78b270b57cfbadaceb3') in 0.174836 seconds
  Import took 0.187114 seconds .

========================================================================
Received Import Request.
  Time since last request: 3.099311 seconds.
  path: Assets/Prefabs/cheffOutput.prefab
  artifactKey: Guid(582882383cc23fa46ad277d959f4b98c) Importer(815301076,1909f56bfc062723c751e8b465ee728b)
Start importing Assets/Prefabs/cheffOutput.prefab using Guid(582882383cc23fa46ad277d959f4b98c) Importer(815301076,1909f56bfc062723c751e8b465ee728b)  -> (artifact id: '4f773a0bd9a43718ed20ca09f1027d15') in 0.048831 seconds
  Import took 0.052987 seconds .

========================================================================
Received Import Request.
  Time since last request: 0.000339 seconds.
  path: Assets/Prefabs/Slider.prefab
  artifactKey: Guid(7c1902c7d5ea4a3419951e95ee7cb6c1) Importer(815301076,1909f56bfc062723c751e8b465ee728b)
Start importing Assets/Prefabs/Slider.prefab using Guid(7c1902c7d5ea4a3419951e95ee7cb6c1) Importer(815301076,1909f56bfc062723c751e8b465ee728b)  -> (artifact id: '95c7bf62889146ea2b4571373bfec480') in 0.015885 seconds
  Import took 0.024467 seconds .

========================================================================
Received Import Request.
  Time since last request: 35.084713 seconds.
  path: Assets/Materials/BlenderCucumber.mat
  artifactKey: Guid(fd96a01782a5ebf439b8347b979ff85b) Importer(815301076,1909f56bfc062723c751e8b465ee728b)
Start importing Assets/Materials/BlenderCucumber.mat using Guid(fd96a01782a5ebf439b8347b979ff85b) Importer(815301076,1909f56bfc062723c751e8b465ee728b)  -> (artifact id: 'e58463255c89d146cb18868624fb87ba') in 0.021899 seconds
  Import took 0.026319 seconds .

========================================================================
Received Import Request.
  Time since last request: 0.000348 seconds.
  path: Assets/Materials/fire extinguisher.mat
  artifactKey: Guid(6ed7b4bb130d5d64ba801bced002ef27) Importer(815301076,1909f56bfc062723c751e8b465ee728b)
Start importing Assets/Materials/fire extinguisher.mat using Guid(6ed7b4bb130d5d64ba801bced002ef27) Importer(815301076,1909f56bfc062723c751e8b465ee728b)  -> (artifact id: '7c3260d36c4eb6e0e516d5c399c90d86') in 0.021954 seconds
  Import took 0.024813 seconds .

========================================================================
Received Import Request.
  Time since last request: 0.000432 seconds.
  path: Assets/Materials/cutting board.mat
  artifactKey: Guid(1c77d40c3e7cdf442984714c2e1be75a) Importer(815301076,1909f56bfc062723c751e8b465ee728b)
Start importing Assets/Materials/cutting board.mat using Guid(1c77d40c3e7cdf442984714c2e1be75a) Importer(815301076,1909f56bfc062723c751e8b465ee728b)  -> (artifact id: 'f1c7f90c250166bd58fa87bd80373639') in 0.056519 seconds
  Import took 0.060987 seconds .

========================================================================
Received Import Request.
  Time since last request: 72.474483 seconds.
  path: Assets/Models/rightArm.obj
  artifactKey: Guid(9d5461efe13b6ed48bdd9aebbb70c2f2) Importer(815301076,1909f56bfc062723c751e8b465ee728b)
Start importing Assets/Models/rightArm.obj using Guid(9d5461efe13b6ed48bdd9aebbb70c2f2) Importer(815301076,1909f56bfc062723c751e8b465ee728b)  -> (artifact id: 'e3a63b554cf64598dc5582fb66f65b16') in 0.040695 seconds
  Import took 0.045015 seconds .

========================================================================
Received Import Request.
  Time since last request: 0.000422 seconds.
  path: Assets/Models/SlicedMeat.obj
  artifactKey: Guid(c26544e1357677341acc281d00b7429f) Importer(815301076,1909f56bfc062723c751e8b465ee728b)
Start importing Assets/Models/SlicedMeat.obj using Guid(c26544e1357677341acc281d00b7429f) Importer(815301076,1909f56bfc062723c751e8b465ee728b)  -> (artifact id: 'cb78600c386916c3a92eecfc20a2269e') in 0.052571 seconds
  Import took 0.062903 seconds .

========================================================================
Received Import Request.
  Time since last request: 0.000449 seconds.
  path: Assets/Models/SlicedBread.obj
  artifactKey: Guid(68c10c9eb60682a478b2fe8902273a21) Importer(815301076,1909f56bfc062723c751e8b465ee728b)
Start importing Assets/Models/SlicedBread.obj using Guid(68c10c9eb60682a478b2fe8902273a21) Importer(815301076,1909f56bfc062723c751e8b465ee728b)  -> (artifact id: 'a2bceea158bf8a2b9432ee8b1df0c7ff') in 0.060305 seconds
  Import took 0.063980 seconds .

========================================================================
Received Import Request.
  Time since last request: 0.000315 seconds.
  path: Assets/Models/smoke.obj
  artifactKey: Guid(5a364192863a1f84d8c50d211ea0a07d) Importer(815301076,1909f56bfc062723c751e8b465ee728b)
Start importing Assets/Models/smoke.obj using Guid(5a364192863a1f84d8c50d211ea0a07d) Importer(815301076,1909f56bfc062723c751e8b465ee728b)  -> (artifact id: 'dc1db44b29d94010648af0a5d81bae2f') in 0.041919 seconds
  Import took 0.045665 seconds .

========================================================================
Received Import Request.
  Time since last request: 0.000458 seconds.
  path: Assets/Models/SlicedTomato.obj
  artifactKey: Guid(b993082f570bb4a40b880d39d7726f8b) Importer(815301076,1909f56bfc062723c751e8b465ee728b)
Start importing Assets/Models/SlicedTomato.obj using Guid(b993082f570bb4a40b880d39d7726f8b) Importer(815301076,1909f56bfc062723c751e8b465ee728b)  -> (artifact id: 'b7babc20dfaa649a6dfba4a0f6de8d18') in 0.066718 seconds
  Import took 0.071498 seconds .

========================================================================
Received Import Request.
  Time since last request: 0.000329 seconds.
  path: Assets/Models/TomatoMeatballs.obj
  artifactKey: Guid(74a48c7b8e2c21c41b4ffae2df4ec8a6) Importer(815301076,1909f56bfc062723c751e8b465ee728b)
Start importing Assets/Models/TomatoMeatballs.obj using Guid(74a48c7b8e2c21c41b4ffae2df4ec8a6) Importer(815301076,1909f56bfc062723c751e8b465ee728b)  -> (artifact id: '30779a06be75a42de6a6dc624c5a2913') in 0.068882 seconds
  Import took 0.074367 seconds .

========================================================================
Received Import Request.
  Time since last request: 0.002378 seconds.
  path: Assets/Models/SlicedCucumber-0.obj
  artifactKey: Guid(1fb9ac0fa77b96e4486374efaf232950) Importer(815301076,1909f56bfc062723c751e8b465ee728b)
Start importing Assets/Models/SlicedCucumber-0.obj using Guid(1fb9ac0fa77b96e4486374efaf232950) Importer(815301076,1909f56bfc062723c751e8b465ee728b)  -> (artifact id: '5f7a8b2fba1509d96da6aebe1a83d630') in 0.061705 seconds
  Import took 0.068419 seconds .

========================================================================
Received Import Request.
  Time since last request: 0.000304 seconds.
  path: Assets/Models/SlicedCheese.obj
  artifactKey: Guid(b2de77fb443b5f54e96206e5d3b4e884) Importer(815301076,1909f56bfc062723c751e8b465ee728b)
Start importing Assets/Models/SlicedCheese.obj using Guid(b2de77fb443b5f54e96206e5d3b4e884) Importer(815301076,1909f56bfc062723c751e8b465ee728b)  -> (artifact id: 'ca58328569381a89981618f60b0ffcc2') in 0.044362 seconds
  Import took 0.048073 seconds .

========================================================================
Received Import Request.
  Time since last request: 0.000461 seconds.
  path: Assets/Models/tapa.obj
  artifactKey: Guid(4a793c527ee6e6c4e96c42685e8a5ef5) Importer(815301076,1909f56bfc062723c751e8b465ee728b)
Start importing Assets/Models/tapa.obj using Guid(4a793c527ee6e6c4e96c42685e8a5ef5) Importer(815301076,1909f56bfc062723c751e8b465ee728b)  -> (artifact id: 'f9f43616112eab78a160ed60e9fcf185') in 0.094546 seconds
  Import took 0.098647 seconds .

========================================================================
Received Import Request.
  Time since last request: 0.000350 seconds.
  path: Assets/Models/vitro.obj
  artifactKey: Guid(e17d7fe3429ae3545bb6beed0dd7bb5c) Importer(815301076,1909f56bfc062723c751e8b465ee728b)
Start importing Assets/Models/vitro.obj using Guid(e17d7fe3429ae3545bb6beed0dd7bb5c) Importer(815301076,1909f56bfc062723c751e8b465ee728b)  -> (artifact id: 'f9e831aea225b9ec9d3f0e5f87cef82e') in 0.049214 seconds
  Import took 0.053407 seconds .

========================================================================
Received Import Request.
  Time since last request: 0.000707 seconds.
  path: Assets/Models/Tomato3.0.obj
  artifactKey: Guid(3e7f1b4ca34897649a238f8a31ee7f14) Importer(815301076,1909f56bfc062723c751e8b465ee728b)
Start importing Assets/Models/Tomato3.0.obj using Guid(3e7f1b4ca34897649a238f8a31ee7f14) Importer(815301076,1909f56bfc062723c751e8b465ee728b)  -> (artifact id: '3c44b5ccb7443b2b02e4c61b35351413') in 0.063667 seconds
  Import took 0.069291 seconds .

========================================================================
Received Import Request.
  Time since last request: 0.000512 seconds.
  path: Assets/Models/SlicedFish.obj
  artifactKey: Guid(d67715ab613dbe64b9ad7b37196aee61) Importer(815301076,1909f56bfc062723c751e8b465ee728b)
Start importing Assets/Models/SlicedFish.obj using Guid(d67715ab613dbe64b9ad7b37196aee61) Importer(815301076,1909f56bfc062723c751e8b465ee728b)  -> (artifact id: '0dbfa24ef7cd044623ec72a3fd5ef657') in 0.159773 seconds
  Import took 0.166426 seconds .

========================================================================
Received Import Request.
  Time since last request: 0.000359 seconds.
  path: Assets/Models/SlicedPotato.obj
  artifactKey: Guid(d132fff93638bee45bcbcb70193d6f3c) Importer(815301076,1909f56bfc062723c751e8b465ee728b)
Start importing Assets/Models/SlicedPotato.obj using Guid(d132fff93638bee45bcbcb70193d6f3c) Importer(815301076,1909f56bfc062723c751e8b465ee728b)  -> (artifact id: '1f2e91a0556e42de3f0586d764a141e1') in 0.057486 seconds
  Import took 0.062060 seconds .

========================================================================
Received Import Request.
  Time since last request: 0.000348 seconds.
  path: Assets/Models/rightArm.obj
  artifactKey: Guid(9d5461efe13b6ed48bdd9aebbb70c2f2) Importer(815301076,1909f56bfc062723c751e8b465ee728b)
Start importing Assets/Models/rightArm.obj using Guid(9d5461efe13b6ed48bdd9aebbb70c2f2) Importer(815301076,1909f56bfc062723c751e8b465ee728b)  -> (artifact id: 'e3a63b554cf64598dc5582fb66f65b16') in 0.046546 seconds
  Import took 0.050884 seconds .

========================================================================
Received Import Request.
  Time since last request: 20.290108 seconds.
  path: Assets/Models/chef.mtl
  artifactKey: Guid(8e3288a843719414e88a5d83707aacc9) Importer(815301076,1909f56bfc062723c751e8b465ee728b)
Start importing Assets/Models/chef.mtl using Guid(8e3288a843719414e88a5d83707aacc9) Importer(815301076,1909f56bfc062723c751e8b465ee728b)  -> (artifact id: '20cf1afbfa8657485c23285afe4f27ee') in 0.026185 seconds
  Import took 0.030083 seconds .

========================================================================
Received Import Request.
  Time since last request: 160.567368 seconds.
  path: Assets/Prefabs/Levels/Level1.prefab
  artifactKey: Guid(aaf927a94b6d415468fd3d8a43a1f04a) Importer(815301076,1909f56bfc062723c751e8b465ee728b)
Start importing Assets/Prefabs/Levels/Level1.prefab using Guid(aaf927a94b6d415468fd3d8a43a1f04a) Importer(815301076,1909f56bfc062723c751e8b465ee728b)  -> (artifact id: 'a61cef589203b220745afd380022ca86') in 0.118077 seconds
  Import took 0.125847 seconds .

========================================================================
Received Import Request.
  Time since last request: 11.749257 seconds.
  path: Assets/Models/CompleteBurger.mtl
  artifactKey: Guid(9262c9cc24a961146ad7ad490c767250) Importer(815301076,1909f56bfc062723c751e8b465ee728b)
Start importing Assets/Models/CompleteBurger.mtl using Guid(9262c9cc24a961146ad7ad490c767250) Importer(815301076,1909f56bfc062723c751e8b465ee728b)  -> (artifact id: 'ce3e7ee63e3bf68b5edace44c7707430') in 0.030971 seconds
  Import took 0.042668 seconds .

========================================================================
Received Prepare
Registering precompiled user dll's ...
Registered in 0.001753 seconds.
Begin MonoManager ReloadAssembly
Native extension for WindowsStandalone target not found
Refreshing native plugins compatible for Editor in 0.49 ms, found 0 plugins.
Preloading 0 native plugins for Editor in 0.00 ms.
Mono: successfully reloaded assembly
- Completed reload, in  3.678 seconds
Platform modules already initialized, skipping
Refreshing native plugins compatible for Editor in 1.10 ms, found 0 plugins.
Preloading 0 native plugins for Editor in 0.00 ms.
Unloading 1130 Unused Serialized files (Serialized files now loaded: 0)
System memory in use before: 83.1 MB.
System memory in use after: 83.2 MB.

Unloading 9 unused Assets to reduce memory usage. Loaded Objects now: 1655.
Total: 6.167900 ms (FindLiveObjects: 0.269800 ms CreateObjectMapping: 0.088500 ms MarkObjects: 5.657900 ms  DeleteObjects: 0.149300 ms)

AssetImportWorkerClient::OnTransportError - code=2 error=End of file
